  Mini-C.cpp
f:\shortcut\srccode\visual studio\迷你c语言编译器\mini-c\mini-c\symbol_table.h(94): warning C4018: “<”: 有符号/无符号不匹配
f:\shortcut\srccode\visual studio\迷你c语言编译器\mini-c\mini-c\symbol_table.h(95): warning C4018: “<”: 有符号/无符号不匹配
f:\shortcut\srccode\visual studio\迷你c语言编译器\mini-c\mini-c\symbol_table.h(106): warning C4018: “<”: 有符号/无符号不匹配
f:\shortcut\srccode\visual studio\迷你c语言编译器\mini-c\mini-c\symbol_table.h(118): warning C4018: “<”: 有符号/无符号不匹配
f:\shortcut\srccode\visual studio\迷你c语言编译器\mini-c\mini-c\parser.h(131): warning C4018: “<”: 有符号/无符号不匹配
f:\shortcut\srccode\visual studio\迷你c语言编译器\mini-c\mini-c\parser.h(131): warning C4018: “>”: 有符号/无符号不匹配
f:\shortcut\srccode\visual studio\迷你c语言编译器\mini-c\mini-c\parser.h(304): warning C4018: “<”: 有符号/无符号不匹配
f:\shortcut\srccode\visual studio\迷你c语言编译器\mini-c\mini-c\parser.h(315): warning C4018: “<”: 有符号/无符号不匹配
f:\shortcut\srccode\visual studio\迷你c语言编译器\mini-c\mini-c\parser.h(344): warning C4018: “<”: 有符号/无符号不匹配
f:\shortcut\srccode\visual studio\迷你c语言编译器\mini-c\mini-c\parser.h(344): warning C4018: “>”: 有符号/无符号不匹配
f:\shortcut\srccode\visual studio\迷你c语言编译器\mini-c\mini-c\parser.h(346): warning C4018: “<”: 有符号/无符号不匹配
f:\shortcut\srccode\visual studio\迷你c语言编译器\mini-c\mini-c\parser.h(356): warning C4018: “<”: 有符号/无符号不匹配
f:\shortcut\srccode\visual studio\迷你c语言编译器\mini-c\mini-c\parser.h(728): warning C4018: “>”: 有符号/无符号不匹配
f:\shortcut\srccode\visual studio\迷你c语言编译器\mini-c\mini-c\parser.h(736): warning C4018: “>”: 有符号/无符号不匹配
f:\shortcut\srccode\visual studio\迷你c语言编译器\mini-c\mini-c\parser.h(1618): warning C4018: “<”: 有符号/无符号不匹配
f:\shortcut\srccode\visual studio\迷你c语言编译器\mini-c\mini-c\parser.h(1629): warning C4018: “<”: 有符号/无符号不匹配
f:\shortcut\srccode\visual studio\迷你c语言编译器\mini-c\mini-c\parser.h(1690): warning C4018: “<”: 有符号/无符号不匹配
f:\shortcut\srccode\visual studio\迷你c语言编译器\mini-c\mini-c\parser.h(1700): warning C4018: “<”: 有符号/无符号不匹配
f:\shortcut\srccode\visual studio\迷你c语言编译器\mini-c\mini-c\object_code_generator.h(22): warning C4018: “<”: 有符号/无符号不匹配
f:\shortcut\srccode\visual studio\迷你c语言编译器\mini-c\mini-c\object_code_generator.h(43): warning C4018: “<”: 有符号/无符号不匹配
f:\shortcut\srccode\visual studio\迷你c语言编译器\mini-c\mini-c\object_code_generator.h(140): warning C4018: “<”: 有符号/无符号不匹配
f:\shortcut\srccode\visual studio\迷你c语言编译器\mini-c\mini-c\object_code_generator.h(177): warning C4018: “<”: 有符号/无符号不匹配
f:\shortcut\srccode\visual studio\迷你c语言编译器\mini-c\mini-c\object_code_generator.h(235): warning C4018: “<”: 有符号/无符号不匹配
f:\shortcut\srccode\visual studio\迷你c语言编译器\mini-c\mini-c\object_code_generator.h(248): warning C4018: “<”: 有符号/无符号不匹配
f:\shortcut\srccode\visual studio\迷你c语言编译器\mini-c\mini-c\object_code_generator.h(259): warning C4018: “<”: 有符号/无符号不匹配
f:\shortcut\srccode\visual studio\迷你c语言编译器\mini-c\mini-c\object_code_generator.h(270): warning C4018: “<”: 有符号/无符号不匹配
f:\shortcut\srccode\visual studio\迷你c语言编译器\mini-c\mini-c\object_code_generator.h(332): warning C4018: “<”: 有符号/无符号不匹配
f:\shortcut\srccode\visual studio\迷你c语言编译器\mini-c\mini-c\object_code_generator.h(352): warning C4018: “<”: 有符号/无符号不匹配
f:\shortcut\srccode\visual studio\迷你c语言编译器\mini-c\mini-c\object_code_generator.h(375): warning C4018: “<”: 有符号/无符号不匹配
f:\shortcut\srccode\visual studio\迷你c语言编译器\mini-c\mini-c\object_code_generator.h(495): warning C4018: “<”: 有符号/无符号不匹配
f:\shortcut\srccode\visual studio\迷你c语言编译器\mini-c\mini-c\object_code_generator.h(528): warning C4018: “<”: 有符号/无符号不匹配
f:\shortcut\srccode\visual studio\迷你c语言编译器\mini-c\mini-c\object_code_generator.h(591): warning C4018: “<”: 有符号/无符号不匹配
f:\shortcut\srccode\visual studio\迷你c语言编译器\mini-c\mini-c\object_code_generator.h(602): warning C4018: “<”: 有符号/无符号不匹配
  Mini-C.vcxproj -> F:\shortcut\srcCode\Visual Studio\迷你C语言编译器\Mini-C\Debug\Mini-C.exe
